2024-02-05 03:03:12,851 :   INFO   :  scrape_speakers  :   Handling speaker: https://www.processexcellencenetwork.com/events-opexweek/speakers/louisa-greco
2024-02-05 03:05:50,754 :   INFO   :  scrape_speakers  :   Handling speaker: /events-opexweek/speakers/joe-graziani
2024-02-05 03:06:26,546 :   INFO   :  scrape_speakers  :   Handling speaker: /events-opexweek/speakers/steve-towers
2024-02-05 03:06:26,565 :   INFO   :  scrape_speakers  :   Handling speaker: /events-opexweek/speakers/jasmine-ahmed-3
2024-02-05 03:06:26,590 :   INFO   :  scrape_speakers  :   Handling speaker: /events-opexweek/speakers/ekaterina-curry
2024-02-05 03:06:26,607 :   INFO   :  scrape_speakers  :   Handling speaker: /events-opexweek/speakers/gabriel-millien
2024-02-05 03:06:26,624 :   INFO   :  scrape_speakers  :   Handling speaker: /events-opexweek/speakers/ryan-kelley
2024-02-05 03:10:28,593 :   INFO   :  scrape_speakers  :   Handling speaker: /events-opexweek/speakers/reto-sahli
2024-02-05 03:10:28,613 :   INFO   :  scrape_speakers  :   Handling speaker: /events-opexweek/speakers/meghan-regalado
2024-02-05 03:10:28,630 :   INFO   :  scrape_speakers  :   Handling speaker: /events-opexweek/speakers/cristian-matei-phd-lss-mbb-1
2024-02-05 03:10:28,648 :   INFO   :  scrape_speakers  :   Handling speaker: /events-opexweek/speakers/jose-varela
2024-02-05 03:10:28,667 :   INFO   :  scrape_speakers  :   Handling speaker: /events-opexweek/speakers/glenn-johnson
2024-02-05 03:10:51,244 :   INFO   :  scrape_speakers  :   Handling speaker: /events-opexweek/speakers/dr-charles-brandon
2024-02-05 03:10:51,264 :   INFO   :  scrape_speakers  :   Handling speaker: /events-opexweek/speakers/jose-pimenta-da-gama
2024-02-05 03:10:51,281 :   INFO   :  scrape_speakers  :   Handling speaker: /events-opexweek/speakers/lenna-perlman
2024-02-05 03:10:51,299 :   INFO   :  scrape_speakers  :   Handling speaker: /events-opexweek/speakers/ivan-cespedes
2024-02-05 03:10:51,317 :   INFO   :  scrape_speakers  :   Handling speaker: /events-opexweek/speakers/nick-bontkowski
2024-02-05 03:12:49,863 :   INFO   :  scrape_speakers  :   Starting Executor
2024-02-05 03:12:49,863 :   INFO   :  scrape_speakers  :   Getting speaker page
2024-02-05 03:12:51,697 :   INFO   :  scrape_speakers  :   Handling speaker: /events-opexweek/speakers/ashish-gupta
2024-02-05 03:12:51,725 :   INFO   :  scrape_speakers  :   Handling speaker: /events-opexweek/speakers/ruben-del-toro-1
2024-02-05 03:12:51,744 :   INFO   :  scrape_speakers  :   Handling speaker: /events-opexweek/speakers/beth-johnson-2
2024-02-05 03:12:51,764 :   INFO   :  scrape_speakers  :   Handling speaker: /events-opexweek/speakers/carolyn-lum
2024-02-05 03:12:51,784 :   INFO   :  scrape_speakers  :   Handling speaker: /events-opexweek/speakers/ian-nicholls
2024-02-05 03:12:53,504 :   INFO   :  scrape_speakers  :   Saving data as a csv
2024-02-05 03:14:32,024 :   INFO   :  scrape_speakers  :   Starting Executor
2024-02-05 03:14:32,024 :   INFO   :  scrape_speakers  :   Getting speaker page
2024-02-05 03:14:34,148 :   INFO   :  scrape_speakers  :   Handling speaker: /events-opexweek/speakers/ruben-del-toro
2024-02-05 03:14:34,169 :   INFO   :  scrape_speakers  :   Handling speaker: /events-opexweek/speakers/dee-houchen
2024-02-05 03:14:34,189 :   INFO   :  scrape_speakers  :   Handling speaker: /events-opexweek/speakers/jose-varela
2024-02-05 03:14:34,207 :   INFO   :  scrape_speakers  :   Handling speaker: /events-opexweek/speakers/sherah-spark
2024-02-05 03:14:34,225 :   INFO   :  scrape_speakers  :   Handling speaker: /events-opexweek/speakers/rush-fozo-2
2024-02-05 03:14:35,733 :   INFO   :  scrape_speakers  :   Saving data as a csv
2024-02-05 03:14:35,735 :   INFO   :  scrape_speakers  :   Finished Executor in 3.71
2024-02-05 03:14:46,149 :   INFO   :  scrape_speakers  :   Starting Executor
2024-02-05 03:14:46,149 :   INFO   :  scrape_speakers  :   Getting speaker page
2024-02-05 03:14:47,950 :   INFO   :  scrape_speakers  :   Handling speaker: /events-opexweek/speakers/april-mills
2024-02-05 03:14:47,974 :   INFO   :  scrape_speakers  :   Handling speaker: /events-opexweek/speakers/ryan-sparks
2024-02-05 03:14:47,994 :   INFO   :  scrape_speakers  :   Handling speaker: /events-opexweek/speakers/justin-singh
2024-02-05 03:14:48,013 :   INFO   :  scrape_speakers  :   Handling speaker: /events-opexweek/speakers/dr-deborah-hawkes
2024-02-05 03:14:48,033 :   INFO   :  scrape_speakers  :   Handling speaker: /events-opexweek/speakers/sasan-sadr
2024-02-05 03:14:48,054 :   INFO   :  scrape_speakers  :   Handling speaker: /events-opexweek/speakers/john-standring
2024-02-05 03:14:48,074 :   INFO   :  scrape_speakers  :   Handling speaker: /events-opexweek/speakers/jasmine-ahmed-3
2024-02-05 03:14:48,094 :   INFO   :  scrape_speakers  :   Handling speaker: /events-opexweek/speakers/rachel-smith
2024-02-05 03:14:48,113 :   INFO   :  scrape_speakers  :   Handling speaker: /events-opexweek/speakers/elena-dobre
2024-02-05 03:14:48,132 :   INFO   :  scrape_speakers  :   Handling speaker: /events-opexweek/speakers/hemant-purkar
2024-02-05 03:14:48,151 :   INFO   :  scrape_speakers  :   Handling speaker: /events-opexweek/speakers/roshini-gutierrez
2024-02-05 03:14:48,171 :   INFO   :  scrape_speakers  :   Handling speaker: /events-opexweek/speakers/jason-schulist
2024-02-05 03:14:48,189 :   INFO   :  scrape_speakers  :   Handling speaker: /events-opexweek/speakers/vincenzo-sposito
2024-02-05 03:14:48,207 :   INFO   :  scrape_speakers  :   Handling speaker: /events-opexweek/speakers/ashish-gupta
2024-02-05 03:14:48,225 :   INFO   :  scrape_speakers  :   Handling speaker: /events-opexweek/speakers/sherah-spark
2024-02-05 03:14:48,243 :   INFO   :  scrape_speakers  :   Handling speaker: /events-opexweek/speakers/rick-rosie
2024-02-05 03:14:48,261 :   INFO   :  scrape_speakers  :   Handling speaker: /events-opexweek/speakers/bob-nahmias
2024-02-05 03:14:48,280 :   INFO   :  scrape_speakers  :   Handling speaker: /events-opexweek/speakers/ekaterina-curry
2024-02-05 03:14:48,298 :   INFO   :  scrape_speakers  :   Handling speaker: /events-opexweek/speakers/roeland-vertriest
2024-02-05 03:14:48,316 :   INFO   :  scrape_speakers  :   Handling speaker: /events-opexweek/speakers/joseph-lacount
2024-02-05 03:14:48,335 :   INFO   :  scrape_speakers  :   Handling speaker: /events-opexweek/speakers/jon-miciano
2024-02-05 03:14:48,353 :   INFO   :  scrape_speakers  :   Handling speaker: /events-opexweek/speakers/evan-metter
2024-02-05 03:14:48,372 :   INFO   :  scrape_speakers  :   Handling speaker: /events-opexweek/speakers/erin-boyd
2024-02-05 03:14:48,389 :   INFO   :  scrape_speakers  :   Handling speaker: /events-opexweek/speakers/ashutosh-chaudhari
2024-02-05 03:14:48,407 :   INFO   :  scrape_speakers  :   Handling speaker: /events-opexweek/speakers/jason-miller
2024-02-05 03:14:48,425 :   INFO   :  scrape_speakers  :   Handling speaker: /events-opexweek/speakers/carolyn-lum-2
2024-02-05 03:14:48,443 :   INFO   :  scrape_speakers  :   Handling speaker: /events-opexweek/speakers/viswas-parameshiah
2024-02-05 03:14:48,461 :   INFO   :  scrape_speakers  :   Handling speaker: /events-opexweek/speakers/anastasia-minor
2024-02-05 03:14:48,479 :   INFO   :  scrape_speakers  :   Handling speaker: /events-opexweek/speakers/jay-goldman
2024-02-05 03:14:48,496 :   INFO   :  scrape_speakers  :   Handling speaker: /events-opexweek/speakers/steve-claus
2024-02-05 03:14:48,514 :   INFO   :  scrape_speakers  :   Handling speaker: /events-opexweek/speakers/tracey-ward
2024-02-05 03:14:48,531 :   INFO   :  scrape_speakers  :   Handling speaker: /events-opexweek/speakers/david-hadd-1
2024-02-05 03:14:48,549 :   INFO   :  scrape_speakers  :   Handling speaker: /events-opexweek/speakers/hollimarie-montijo
2024-02-05 03:14:48,567 :   INFO   :  scrape_speakers  :   Handling speaker: /events-opexweek/speakers/samantha-bureau-johnson
2024-02-05 03:14:48,585 :   INFO   :  scrape_speakers  :   Handling speaker: /events-opexweek/speakers/vipul-vohra
2024-02-05 03:14:48,603 :   INFO   :  scrape_speakers  :   Handling speaker: /events-opexweek/speakers/jeff-goodhue
2024-02-05 03:14:48,621 :   INFO   :  scrape_speakers  :   Handling speaker: /events-opexweek/speakers/cristian-matei-phd-lss-mbb
2024-02-05 03:14:48,639 :   INFO   :  scrape_speakers  :   Handling speaker: /events-opexweek/speakers/samantha-bureau-johnson-3
2024-02-05 03:14:48,657 :   INFO   :  scrape_speakers  :   Handling speaker: /events-opexweek/speakers/jose-varela-2
2024-02-05 03:14:48,675 :   INFO   :  scrape_speakers  :   Handling speaker: /events-opexweek/speakers/dr-charles-brandon
2024-02-05 03:14:48,693 :   INFO   :  scrape_speakers  :   Handling speaker: /events-opexweek/speakers/larry-crews
2024-02-05 03:14:48,710 :   INFO   :  scrape_speakers  :   Handling speaker: /events-opexweek/speakers/david-hadd
2024-02-05 03:14:48,728 :   INFO   :  scrape_speakers  :   Handling speaker: /events-opexweek/speakers/brenton-harder-2
2024-02-05 03:14:48,745 :   INFO   :  scrape_speakers  :   Handling speaker: /events-opexweek/speakers/david-friedman
2024-02-05 03:14:48,763 :   INFO   :  scrape_speakers  :   Handling speaker: /events-opexweek/speakers/casimir-turbak
2024-02-05 03:14:48,782 :   INFO   :  scrape_speakers  :   Handling speaker: /events-opexweek/speakers/sameer-anand-1
2024-02-05 03:14:48,799 :   INFO   :  scrape_speakers  :   Handling speaker: /events-opexweek/speakers/meghan-regalado
2024-02-05 03:14:48,817 :   INFO   :  scrape_speakers  :   Handling speaker: /events-opexweek/speakers/michael-dove
2024-02-05 03:14:48,835 :   INFO   :  scrape_speakers  :   Handling speaker: /events-opexweek/speakers/stephan-blasilli-2
2024-02-05 03:14:48,854 :   INFO   :  scrape_speakers  :   Handling speaker: /events-opexweek/speakers/gabriel-millien
2024-02-05 03:14:48,872 :   INFO   :  scrape_speakers  :   Handling speaker: /events-opexweek/speakers/usama-fayyaz
2024-02-05 03:14:48,890 :   INFO   :  scrape_speakers  :   Handling speaker: /events-opexweek/speakers/mk-fiorille
2024-02-05 03:14:48,907 :   INFO   :  scrape_speakers  :   Handling speaker: /events-opexweek/speakers/marc-stromberg
2024-02-05 03:14:48,925 :   INFO   :  scrape_speakers  :   Handling speaker: /events-opexweek/speakers/laxmikant-pukale
2024-02-05 03:14:48,944 :   INFO   :  scrape_speakers  :   Handling speaker: /events-opexweek/speakers/michael-johnson
2024-02-05 03:14:48,962 :   INFO   :  scrape_speakers  :   Handling speaker: /events-opexweek/speakers/cristian-matei-phd-lss-mbb-1
2024-02-05 03:14:48,980 :   INFO   :  scrape_speakers  :   Handling speaker: /events-opexweek/speakers/joe-crady
2024-02-05 03:14:48,998 :   INFO   :  scrape_speakers  :   Handling speaker: /events-opexweek/speakers/nick-bontkowski
2024-02-05 03:14:49,017 :   INFO   :  scrape_speakers  :   Handling speaker: /events-opexweek/speakers/glenn-johnson
2024-02-05 03:14:49,035 :   INFO   :  scrape_speakers  :   Handling speaker: /events-opexweek/speakers/neil-chapman
2024-02-05 03:14:49,054 :   INFO   :  scrape_speakers  :   Handling speaker: /events-opexweek/speakers/beth-johnson-3
2024-02-05 03:14:49,072 :   INFO   :  scrape_speakers  :   Handling speaker: /events-opexweek/speakers/sidra-tufail
2024-02-05 03:14:49,092 :   INFO   :  scrape_speakers  :   Handling speaker: /events-opexweek/speakers/andreina-martinez
2024-02-05 03:14:49,110 :   INFO   :  scrape_speakers  :   Handling speaker: /events-opexweek/speakers/adil-khan
2024-02-05 03:14:49,130 :   INFO   :  scrape_speakers  :   Handling speaker: /events-opexweek/speakers/brenton-harder
2024-02-05 03:14:49,149 :   INFO   :  scrape_speakers  :   Handling speaker: /events-opexweek/speakers/patrick-gong
2024-02-05 03:14:49,169 :   INFO   :  scrape_speakers  :   Handling speaker: /events-opexweek/speakers/leila-kagawa
2024-02-05 03:14:49,188 :   INFO   :  scrape_speakers  :   Handling speaker: /events-opexweek/speakers/hillel-lehmann
2024-02-05 03:14:49,206 :   INFO   :  scrape_speakers  :   Handling speaker: /events-opexweek/speakers/praveen-kombial
2024-02-05 03:14:49,225 :   INFO   :  scrape_speakers  :   Handling speaker: /events-opexweek/speakers/supradeep-chikaballapur-manjunath
2024-02-05 03:14:49,244 :   INFO   :  scrape_speakers  :   Handling speaker: /events-opexweek/speakers/hector-munoz
2024-02-05 03:14:49,262 :   INFO   :  scrape_speakers  :   Handling speaker: /events-opexweek/speakers/kelli-pierce
2024-02-05 03:14:49,281 :   INFO   :  scrape_speakers  :   Handling speaker: /events-opexweek/speakers/beth-johnson
2024-02-05 03:14:49,299 :   INFO   :  scrape_speakers  :   Handling speaker: /events-opexweek/speakers/nicola-moran
2024-02-05 03:14:49,318 :   INFO   :  scrape_speakers  :   Handling speaker: /events-opexweek/speakers/doug-drolett
2024-02-05 03:14:49,336 :   INFO   :  scrape_speakers  :   Handling speaker: /events-opexweek/speakers/stephan-blasilli
2024-02-05 03:14:49,354 :   INFO   :  scrape_speakers  :   Handling speaker: /events-opexweek/speakers/james-henderson
2024-02-05 03:14:49,373 :   INFO   :  scrape_speakers  :   Handling speaker: /events-opexweek/speakers/nick-racster
2024-02-05 03:14:49,391 :   INFO   :  scrape_speakers  :   Handling speaker: /events-opexweek/speakers/ivan-cespedes
2024-02-05 03:14:49,409 :   INFO   :  scrape_speakers  :   Handling speaker: /events-opexweek/speakers/angie-rieger
2024-02-05 03:14:49,427 :   INFO   :  scrape_speakers  :   Handling speaker: /events-opexweek/speakers/danielle-lamancuso
2024-02-05 03:14:49,445 :   INFO   :  scrape_speakers  :   Handling speaker: /events-opexweek/speakers/ryan-kelley
2024-02-05 03:14:49,462 :   INFO   :  scrape_speakers  :   Handling speaker: /events-opexweek/speakers/bruce-orcutt
2024-02-05 03:14:49,481 :   INFO   :  scrape_speakers  :   Handling speaker: /events-opexweek/speakers/susan-kushnir
2024-02-05 03:14:49,499 :   INFO   :  scrape_speakers  :   Handling speaker: /events-opexweek/speakers/vinaykumar-mummigatti
2024-02-05 03:14:49,517 :   INFO   :  scrape_speakers  :   Handling speaker: /events-opexweek/speakers/reto-sahli
2024-02-05 03:14:49,536 :   INFO   :  scrape_speakers  :   Handling speaker: /events-opexweek/speakers/jeff-machols-2
2024-02-05 03:14:49,555 :   INFO   :  scrape_speakers  :   Handling speaker: /events-opexweek/speakers/beth-johnson-2
2024-02-05 03:14:49,573 :   INFO   :  scrape_speakers  :   Handling speaker: /events-opexweek/speakers/biswajit-dasgupta
2024-02-05 03:14:49,591 :   INFO   :  scrape_speakers  :   Handling speaker: /events-opexweek/speakers/matt-bromberg
2024-02-05 03:14:49,609 :   INFO   :  scrape_speakers  :   Handling speaker: /events-opexweek/speakers/linda-elkins
2024-02-05 03:14:49,628 :   INFO   :  scrape_speakers  :   Handling speaker: /events-opexweek/speakers/mukesh-agrawal
2024-02-05 03:14:49,646 :   INFO   :  scrape_speakers  :   Handling speaker: /events-opexweek/speakers/cristian-matei
2024-02-05 03:14:49,664 :   INFO   :  scrape_speakers  :   Handling speaker: /events-opexweek/speakers/kristin-johnson
2024-02-05 03:14:49,682 :   INFO   :  scrape_speakers  :   Handling speaker: /events-opexweek/speakers/lokesh-venugopal
2024-02-05 03:14:49,700 :   INFO   :  scrape_speakers  :   Handling speaker: /events-opexweek/speakers/louisa-greco
2024-02-05 03:14:49,718 :   INFO   :  scrape_speakers  :   Handling speaker: /events-opexweek/speakers/rush-fozo
2024-02-05 03:14:49,736 :   INFO   :  scrape_speakers  :   Handling speaker: /events-opexweek/speakers/andrea-giannotta
2024-02-05 03:14:49,754 :   INFO   :  scrape_speakers  :   Handling speaker: /events-opexweek/speakers/jesper-kronborg-pedersen
2024-02-05 03:14:49,772 :   INFO   :  scrape_speakers  :   Handling speaker: /events-opexweek/speakers/sarah-wooledge
2024-02-05 03:14:49,790 :   INFO   :  scrape_speakers  :   Handling speaker: /events-opexweek/speakers/ian-nicholls
2024-02-05 03:14:49,808 :   INFO   :  scrape_speakers  :   Handling speaker: /events-opexweek/speakers/dee-houchen
2024-02-05 03:14:49,825 :   INFO   :  scrape_speakers  :   Handling speaker: /events-opexweek/speakers/chris-dando
2024-02-05 03:14:49,842 :   INFO   :  scrape_speakers  :   Handling speaker: /events-opexweek/speakers/ananth-krishna
2024-02-05 03:14:49,860 :   INFO   :  scrape_speakers  :   Handling speaker: /events-opexweek/speakers/gerald-lackey
2024-02-05 03:14:49,877 :   INFO   :  scrape_speakers  :   Handling speaker: /events-opexweek/speakers/greg-pollack
2024-02-05 03:14:49,895 :   INFO   :  scrape_speakers  :   Handling speaker: /events-opexweek/speakers/binny-gill
2024-02-05 03:14:49,912 :   INFO   :  scrape_speakers  :   Handling speaker: /events-opexweek/speakers/jose-varela
2024-02-05 03:14:49,930 :   INFO   :  scrape_speakers  :   Handling speaker: /events-opexweek/speakers/stephen-donne
2024-02-05 03:14:49,948 :   INFO   :  scrape_speakers  :   Handling speaker: /events-opexweek/speakers/sakshi-singhal
2024-02-05 03:14:49,965 :   INFO   :  scrape_speakers  :   Handling speaker: /events-opexweek/speakers/chris-hagedorn
2024-02-05 03:14:49,983 :   INFO   :  scrape_speakers  :   Handling speaker: /events-opexweek/speakers/paul-krebs
2024-02-05 03:14:50,001 :   INFO   :  scrape_speakers  :   Handling speaker: /events-opexweek/speakers/kristin-saunders
2024-02-05 03:14:50,019 :   INFO   :  scrape_speakers  :   Handling speaker: /events-opexweek/speakers/ruben-del-toro
2024-02-05 03:14:50,037 :   INFO   :  scrape_speakers  :   Handling speaker: /events-opexweek/speakers/mike-mills
2024-02-05 03:14:50,055 :   INFO   :  scrape_speakers  :   Handling speaker: /events-opexweek/speakers/andrea-giannotta-2
2024-02-05 03:14:50,073 :   INFO   :  scrape_speakers  :   Handling speaker: /events-opexweek/speakers/lenna-perlman
2024-02-05 03:14:50,090 :   INFO   :  scrape_speakers  :   Handling speaker: /events-opexweek/speakers/ryan-davis
2024-02-05 03:14:50,108 :   INFO   :  scrape_speakers  :   Handling speaker: /events-opexweek/speakers/todd-williams
2024-02-05 03:14:50,126 :   INFO   :  scrape_speakers  :   Handling speaker: /events-opexweek/speakers/angela-hood
2024-02-05 03:14:50,145 :   INFO   :  scrape_speakers  :   Handling speaker: /events-opexweek/speakers/ruben-del-toro-1
2024-02-05 03:14:50,162 :   INFO   :  scrape_speakers  :   Handling speaker: /events-opexweek/speakers/jack-kahler
2024-02-05 03:14:50,181 :   INFO   :  scrape_speakers  :   Handling speaker: /events-opexweek/speakers/jennifer-bryk
2024-02-05 03:14:50,198 :   INFO   :  scrape_speakers  :   Handling speaker: /events-opexweek/speakers/alla-porras
2024-02-05 03:14:50,216 :   INFO   :  scrape_speakers  :   Handling speaker: /events-opexweek/speakers/james-walker
2024-02-05 03:14:50,234 :   INFO   :  scrape_speakers  :   Handling speaker: /events-opexweek/speakers/maureen-terralheiro
2024-02-05 03:14:50,252 :   INFO   :  scrape_speakers  :   Handling speaker: /events-opexweek/speakers/awais-farooq
2024-02-05 03:14:50,270 :   INFO   :  scrape_speakers  :   Handling speaker: /events-opexweek/speakers/stella-mooraj
2024-02-05 03:14:50,288 :   INFO   :  scrape_speakers  :   Handling speaker: /events-opexweek/speakers/rosemarie-estrada
2024-02-05 03:14:50,306 :   INFO   :  scrape_speakers  :   Handling speaker: /events-opexweek/speakers/wai-ming-yu
2024-02-05 03:14:50,324 :   INFO   :  scrape_speakers  :   Handling speaker: /events-opexweek/speakers/janice-durant
2024-02-05 03:14:50,341 :   INFO   :  scrape_speakers  :   Handling speaker: /events-opexweek/speakers/amol-dharmadhikari
2024-02-05 03:14:50,359 :   INFO   :  scrape_speakers  :   Handling speaker: /events-opexweek/speakers/steve-towers
2024-02-05 03:14:50,376 :   INFO   :  scrape_speakers  :   Handling speaker: /events-opexweek/speakers/tami-beheler
2024-02-05 03:14:50,394 :   INFO   :  scrape_speakers  :   Handling speaker: /events-opexweek/speakers/sameer-anand
2024-02-05 03:14:50,411 :   INFO   :  scrape_speakers  :   Handling speaker: /events-opexweek/speakers/bo-jessop
2024-02-05 03:14:50,429 :   INFO   :  scrape_speakers  :   Handling speaker: /events-opexweek/speakers/sara-geising-eggers
2024-02-05 03:14:50,446 :   INFO   :  scrape_speakers  :   Handling speaker: /events-opexweek/speakers/rush-fozo-2
2024-02-05 03:14:50,463 :   INFO   :  scrape_speakers  :   Handling speaker: /events-opexweek/speakers/brou-gautier
2024-02-05 03:14:50,481 :   INFO   :  scrape_speakers  :   Handling speaker: /events-opexweek/speakers/joe-graziani
2024-02-05 03:14:50,498 :   INFO   :  scrape_speakers  :   Handling speaker: /events-opexweek/speakers/carolyn-lum
2024-02-05 03:14:50,516 :   INFO   :  scrape_speakers  :   Handling speaker: /events-opexweek/speakers/dave-otoole
2024-02-05 03:14:50,533 :   INFO   :  scrape_speakers  :   Handling speaker: /events-opexweek/speakers/hinton-davis
2024-02-05 03:14:50,550 :   INFO   :  scrape_speakers  :   Handling speaker: /events-opexweek/speakers/jacques-mcgregor
2024-02-05 03:14:50,568 :   INFO   :  scrape_speakers  :   Handling speaker: /events-opexweek/speakers/badri-devalla-phd
2024-02-05 03:14:50,585 :   INFO   :  scrape_speakers  :   Handling speaker: /events-opexweek/speakers/renata-moldovan
2024-02-05 03:14:50,603 :   INFO   :  scrape_speakers  :   Handling speaker: /events-opexweek/speakers/stephanie-licht
2024-02-05 03:14:50,621 :   INFO   :  scrape_speakers  :   Handling speaker: /events-opexweek/speakers/chet-harter
2024-02-05 03:14:50,638 :   INFO   :  scrape_speakers  :   Handling speaker: /events-opexweek/speakers/tavis-addison
2024-02-05 03:14:50,655 :   INFO   :  scrape_speakers  :   Handling speaker: /events-opexweek/speakers/rob-stewart
2024-02-05 03:14:50,673 :   INFO   :  scrape_speakers  :   Handling speaker: /events-opexweek/speakers/jose-pimenta-da-gama
2024-02-05 03:14:50,691 :   INFO   :  scrape_speakers  :   Handling speaker: /events-opexweek/speakers/ryan-mayer-2
2024-02-05 03:14:50,708 :   INFO   :  scrape_speakers  :   Handling speaker: /events-opexweek/speakers/bhavin-manjee
2024-02-05 03:14:50,725 :   INFO   :  scrape_speakers  :   Handling speaker: /events-opexweek/speakers/david-pralong
2024-02-05 03:14:50,742 :   INFO   :  scrape_speakers  :   Handling speaker: /events-opexweek/speakers/dan-rice
2024-02-05 03:14:50,760 :   INFO   :  scrape_speakers  :   Handling speaker: /events-opexweek/speakers/sarang-sista
2024-02-05 03:14:50,778 :   INFO   :  scrape_speakers  :   Handling speaker: /events-opexweek/speakers/alexander-breskvar-1
2024-02-05 03:14:50,795 :   INFO   :  scrape_speakers  :   Handling speaker: /events-opexweek/speakers/adelaido-godinez-iii
2024-02-05 03:14:50,813 :   INFO   :  scrape_speakers  :   Handling speaker: /events-opexweek/speakers/joel-neeb
2024-02-05 03:14:50,830 :   INFO   :  scrape_speakers  :   Handling speaker: /events-opexweek/speakers/margarita-panzer
2024-02-05 03:14:50,847 :   INFO   :  scrape_speakers  :   Handling speaker: /events-opexweek/speakers/samantha-bureau-johnson-2
2024-02-05 03:14:50,864 :   INFO   :  scrape_speakers  :   Handling speaker: /events-opexweek/speakers/ryan-mayer
2024-02-05 03:14:57,306 :   INFO   :  scrape_speakers  :   Saving data as a csv
2024-02-05 03:14:57,312 :   INFO   :  scrape_speakers  :   Finished Executor in 11.16
2024-02-05 03:16:38,786 :   INFO   :  scrape_speakers  :   Starting Executor
2024-02-05 03:16:38,786 :   INFO   :  scrape_speakers  :   Getting speaker page
2024-02-05 03:16:40,897 :   INFO   :  scrape_speakers  :   Handling speaker: /events-opexweek/speakers/sidra-tufail
2024-02-05 03:16:40,918 :   INFO   :  scrape_speakers  :   Handling speaker: /events-opexweek/speakers/hinton-davis
2024-02-05 03:16:40,938 :   INFO   :  scrape_speakers  :   Handling speaker: /events-opexweek/speakers/cristian-matei-phd-lss-mbb-1
2024-02-05 03:16:40,958 :   INFO   :  scrape_speakers  :   Handling speaker: /events-opexweek/speakers/leila-kagawa
2024-02-05 03:16:40,978 :   INFO   :  scrape_speakers  :   Handling speaker: /events-opexweek/speakers/tami-beheler
2024-02-05 03:16:40,998 :   INFO   :  scrape_speakers  :   Handling speaker: /events-opexweek/speakers/ekaterina-curry
2024-02-05 03:16:41,016 :   INFO   :  scrape_speakers  :   Handling speaker: /events-opexweek/speakers/gabriel-millien
2024-02-05 03:16:41,035 :   INFO   :  scrape_speakers  :   Handling speaker: /events-opexweek/speakers/paul-krebs
2024-02-05 03:16:41,054 :   INFO   :  scrape_speakers  :   Handling speaker: /events-opexweek/speakers/alla-porras
2024-02-05 03:16:41,073 :   INFO   :  scrape_speakers  :   Handling speaker: /events-opexweek/speakers/rush-fozo
2024-02-05 03:16:41,092 :   INFO   :  scrape_speakers  :   Handling speaker: /events-opexweek/speakers/jay-goldman
2024-02-05 03:16:41,112 :   INFO   :  scrape_speakers  :   Handling speaker: /events-opexweek/speakers/joel-neeb
2024-02-05 03:16:41,131 :   INFO   :  scrape_speakers  :   Handling speaker: /events-opexweek/speakers/sarah-wooledge
2024-02-05 03:16:41,150 :   INFO   :  scrape_speakers  :   Handling speaker: /events-opexweek/speakers/amol-dharmadhikari
2024-02-05 03:16:41,169 :   INFO   :  scrape_speakers  :   Handling speaker: /events-opexweek/speakers/ryan-sparks
2024-02-05 03:16:41,188 :   INFO   :  scrape_speakers  :   Handling speaker: /events-opexweek/speakers/margarita-panzer
2024-02-05 03:16:41,207 :   INFO   :  scrape_speakers  :   Handling speaker: /events-opexweek/speakers/janice-durant
2024-02-05 03:16:41,226 :   INFO   :  scrape_speakers  :   Handling speaker: /events-opexweek/speakers/tavis-addison
2024-02-05 03:16:41,244 :   INFO   :  scrape_speakers  :   Handling speaker: /events-opexweek/speakers/jennifer-bryk
2024-02-05 03:16:41,263 :   INFO   :  scrape_speakers  :   Handling speaker: /events-opexweek/speakers/ashish-gupta
2024-02-05 03:16:41,282 :   INFO   :  scrape_speakers  :   Handling speaker: /events-opexweek/speakers/sameer-anand
2024-02-05 03:16:41,301 :   INFO   :  scrape_speakers  :   Handling speaker: /events-opexweek/speakers/awais-farooq
2024-02-05 03:16:41,320 :   INFO   :  scrape_speakers  :   Handling speaker: /events-opexweek/speakers/usama-fayyaz
2024-02-05 03:16:41,339 :   INFO   :  scrape_speakers  :   Handling speaker: /events-opexweek/speakers/james-walker
2024-02-05 03:16:41,358 :   INFO   :  scrape_speakers  :   Handling speaker: /events-opexweek/speakers/gerald-lackey
2024-02-05 03:16:41,379 :   INFO   :  scrape_speakers  :   Handling speaker: /events-opexweek/speakers/sakshi-singhal
2024-02-05 03:16:41,398 :   INFO   :  scrape_speakers  :   Handling speaker: /events-opexweek/speakers/beth-johnson-3
2024-02-05 03:16:41,418 :   INFO   :  scrape_speakers  :   Handling speaker: /events-opexweek/speakers/jose-varela-2
2024-02-05 03:16:41,439 :   INFO   :  scrape_speakers  :   Handling speaker: /events-opexweek/speakers/steve-claus
2024-02-05 03:16:41,459 :   INFO   :  scrape_speakers  :   Handling speaker: /events-opexweek/speakers/stella-mooraj
2024-02-05 03:16:41,479 :   INFO   :  scrape_speakers  :   Handling speaker: /events-opexweek/speakers/david-friedman
2024-02-05 03:16:41,498 :   INFO   :  scrape_speakers  :   Handling speaker: /events-opexweek/speakers/jon-miciano
2024-02-05 03:16:41,517 :   INFO   :  scrape_speakers  :   Handling speaker: /events-opexweek/speakers/matt-bromberg
2024-02-05 03:16:41,537 :   INFO   :  scrape_speakers  :   Handling speaker: /events-opexweek/speakers/badri-devalla-phd
2024-02-05 03:16:41,556 :   INFO   :  scrape_speakers  :   Handling speaker: /events-opexweek/speakers/stephanie-licht
2024-02-05 03:16:41,577 :   INFO   :  scrape_speakers  :   Handling speaker: /events-opexweek/speakers/vinaykumar-mummigatti
2024-02-05 03:16:41,596 :   INFO   :  scrape_speakers  :   Handling speaker: /events-opexweek/speakers/mk-fiorille
2024-02-05 03:16:41,616 :   INFO   :  scrape_speakers  :   Handling speaker: /events-opexweek/speakers/larry-crews
2024-02-05 03:16:41,635 :   INFO   :  scrape_speakers  :   Handling speaker: /events-opexweek/speakers/kristin-johnson
2024-02-05 03:16:41,653 :   INFO   :  scrape_speakers  :   Handling speaker: /events-opexweek/speakers/glenn-johnson
2024-02-05 03:16:41,672 :   INFO   :  scrape_speakers  :   Handling speaker: /events-opexweek/speakers/stephen-donne
2024-02-05 03:16:41,691 :   INFO   :  scrape_speakers  :   Handling speaker: /events-opexweek/speakers/john-standring
2024-02-05 03:16:41,711 :   INFO   :  scrape_speakers  :   Handling speaker: /events-opexweek/speakers/stephan-blasilli-2
2024-02-05 03:16:41,730 :   INFO   :  scrape_speakers  :   Handling speaker: /events-opexweek/speakers/sara-geising-eggers
2024-02-05 03:16:41,749 :   INFO   :  scrape_speakers  :   Handling speaker: /events-opexweek/speakers/dan-rice
2024-02-05 03:16:41,768 :   INFO   :  scrape_speakers  :   Handling speaker: /events-opexweek/speakers/hollimarie-montijo
2024-02-05 03:16:41,787 :   INFO   :  scrape_speakers  :   Handling speaker: /events-opexweek/speakers/alexander-breskvar-1
2024-02-05 03:16:41,806 :   INFO   :  scrape_speakers  :   Handling speaker: /events-opexweek/speakers/vincenzo-sposito
2024-02-05 03:16:41,825 :   INFO   :  scrape_speakers  :   Handling speaker: /events-opexweek/speakers/rush-fozo-2
2024-02-05 03:16:41,845 :   INFO   :  scrape_speakers  :   Handling speaker: /events-opexweek/speakers/jason-schulist
2024-02-05 03:16:41,864 :   INFO   :  scrape_speakers  :   Handling speaker: /events-opexweek/speakers/hemant-purkar
2024-02-05 03:16:41,885 :   INFO   :  scrape_speakers  :   Handling speaker: /events-opexweek/speakers/david-pralong
2024-02-05 03:16:41,905 :   INFO   :  scrape_speakers  :   Handling speaker: /events-opexweek/speakers/steve-towers
2024-02-05 03:16:41,924 :   INFO   :  scrape_speakers  :   Handling speaker: /events-opexweek/speakers/dr-deborah-hawkes
2024-02-05 03:16:41,944 :   INFO   :  scrape_speakers  :   Handling speaker: /events-opexweek/speakers/vipul-vohra
2024-02-05 03:16:41,962 :   INFO   :  scrape_speakers  :   Handling speaker: /events-opexweek/speakers/ivan-cespedes
2024-02-05 03:16:41,981 :   INFO   :  scrape_speakers  :   Handling speaker: /events-opexweek/speakers/michael-dove
2024-02-05 03:16:42,000 :   INFO   :  scrape_speakers  :   Handling speaker: /events-opexweek/speakers/james-henderson
2024-02-05 03:16:42,019 :   INFO   :  scrape_speakers  :   Handling speaker: /events-opexweek/speakers/louisa-greco
2024-02-05 03:16:42,037 :   INFO   :  scrape_speakers  :   Handling speaker: /events-opexweek/speakers/ryan-mayer
2024-02-05 03:16:42,057 :   INFO   :  scrape_speakers  :   Handling speaker: /events-opexweek/speakers/hillel-lehmann
2024-02-05 03:16:42,077 :   INFO   :  scrape_speakers  :   Handling speaker: /events-opexweek/speakers/angela-hood
2024-02-05 03:16:42,096 :   INFO   :  scrape_speakers  :   Handling speaker: /events-opexweek/speakers/susan-kushnir
2024-02-05 03:16:42,116 :   INFO   :  scrape_speakers  :   Handling speaker: /events-opexweek/speakers/ananth-krishna
2024-02-05 03:16:42,134 :   INFO   :  scrape_speakers  :   Handling speaker: /events-opexweek/speakers/cristian-matei-phd-lss-mbb
2024-02-05 03:16:42,153 :   INFO   :  scrape_speakers  :   Handling speaker: /events-opexweek/speakers/rachel-smith
2024-02-05 03:16:42,171 :   INFO   :  scrape_speakers  :   Handling speaker: /events-opexweek/speakers/rob-stewart
2024-02-05 03:16:42,191 :   INFO   :  scrape_speakers  :   Handling speaker: /events-opexweek/speakers/adelaido-godinez-iii
2024-02-05 03:16:42,210 :   INFO   :  scrape_speakers  :   Handling speaker: /events-opexweek/speakers/andrea-giannotta-2
2024-02-05 03:16:42,229 :   INFO   :  scrape_speakers  :   Handling speaker: /events-opexweek/speakers/chris-hagedorn
2024-02-05 03:16:42,248 :   INFO   :  scrape_speakers  :   Handling speaker: /events-opexweek/speakers/stephan-blasilli
2024-02-05 03:16:42,266 :   INFO   :  scrape_speakers  :   Handling speaker: /events-opexweek/speakers/beth-johnson
2024-02-05 03:16:42,286 :   INFO   :  scrape_speakers  :   Handling speaker: /events-opexweek/speakers/david-hadd-1
2024-02-05 03:16:42,305 :   INFO   :  scrape_speakers  :   Handling speaker: /events-opexweek/speakers/ryan-kelley
2024-02-05 03:16:42,325 :   INFO   :  scrape_speakers  :   Handling speaker: /events-opexweek/speakers/samantha-bureau-johnson-3
2024-02-05 03:16:42,344 :   INFO   :  scrape_speakers  :   Handling speaker: /events-opexweek/speakers/dee-houchen
2024-02-05 03:16:42,363 :   INFO   :  scrape_speakers  :   Handling speaker: /events-opexweek/speakers/rick-rosie
2024-02-05 03:16:42,382 :   INFO   :  scrape_speakers  :   Handling speaker: /events-opexweek/speakers/binny-gill
2024-02-05 03:16:42,401 :   INFO   :  scrape_speakers  :   Handling speaker: /events-opexweek/speakers/bob-nahmias
2024-02-05 03:16:42,419 :   INFO   :  scrape_speakers  :   Handling speaker: /events-opexweek/speakers/angie-rieger
2024-02-05 03:16:42,438 :   INFO   :  scrape_speakers  :   Handling speaker: /events-opexweek/speakers/mukesh-agrawal
2024-02-05 03:16:42,457 :   INFO   :  scrape_speakers  :   Handling speaker: /events-opexweek/speakers/nick-racster
2024-02-05 03:16:42,476 :   INFO   :  scrape_speakers  :   Handling speaker: /events-opexweek/speakers/ian-nicholls
2024-02-05 03:16:42,495 :   INFO   :  scrape_speakers  :   Handling speaker: /events-opexweek/speakers/greg-pollack
2024-02-05 03:16:42,514 :   INFO   :  scrape_speakers  :   Handling speaker: /events-opexweek/speakers/erin-boyd
2024-02-05 03:16:42,533 :   INFO   :  scrape_speakers  :   Handling speaker: /events-opexweek/speakers/nicola-moran
2024-02-05 03:16:42,553 :   INFO   :  scrape_speakers  :   Handling speaker: /events-opexweek/speakers/jason-miller
2024-02-05 03:16:42,572 :   INFO   :  scrape_speakers  :   Handling speaker: /events-opexweek/speakers/dr-charles-brandon
2024-02-05 03:16:42,591 :   INFO   :  scrape_speakers  :   Handling speaker: /events-opexweek/speakers/brenton-harder-2
2024-02-05 03:16:42,612 :   INFO   :  scrape_speakers  :   Handling speaker: /events-opexweek/speakers/sarang-sista
2024-02-05 03:16:42,631 :   INFO   :  scrape_speakers  :   Handling speaker: /events-opexweek/speakers/ryan-davis
2024-02-05 03:16:42,651 :   INFO   :  scrape_speakers  :   Handling speaker: /events-opexweek/speakers/andrea-giannotta
2024-02-05 03:16:42,671 :   INFO   :  scrape_speakers  :   Handling speaker: /events-opexweek/speakers/ashutosh-chaudhari
2024-02-05 03:16:42,691 :   INFO   :  scrape_speakers  :   Handling speaker: /events-opexweek/speakers/todd-williams
2024-02-05 03:16:42,711 :   INFO   :  scrape_speakers  :   Handling speaker: /events-opexweek/speakers/patrick-gong
2024-02-05 03:16:42,730 :   INFO   :  scrape_speakers  :   Handling speaker: /events-opexweek/speakers/anastasia-minor
2024-02-05 03:16:42,750 :   INFO   :  scrape_speakers  :   Handling speaker: /events-opexweek/speakers/beth-johnson-2
2024-02-05 03:16:42,769 :   INFO   :  scrape_speakers  :   Handling speaker: /events-opexweek/speakers/viswas-parameshiah
2024-02-05 03:16:42,788 :   INFO   :  scrape_speakers  :   Handling speaker: /events-opexweek/speakers/marc-stromberg
2024-02-05 03:16:42,807 :   INFO   :  scrape_speakers  :   Handling speaker: /events-opexweek/speakers/biswajit-dasgupta
2024-02-05 03:16:42,826 :   INFO   :  scrape_speakers  :   Handling speaker: /events-opexweek/speakers/michael-johnson
2024-02-05 03:16:42,845 :   INFO   :  scrape_speakers  :   Handling speaker: /events-opexweek/speakers/jose-pimenta-da-gama
2024-02-05 03:16:42,864 :   INFO   :  scrape_speakers  :   Handling speaker: /events-opexweek/speakers/jesper-kronborg-pedersen
2024-02-05 03:16:42,883 :   INFO   :  scrape_speakers  :   Handling speaker: /events-opexweek/speakers/renata-moldovan
2024-02-05 03:16:42,901 :   INFO   :  scrape_speakers  :   Handling speaker: /events-opexweek/speakers/meghan-regalado
2024-02-05 03:16:42,920 :   INFO   :  scrape_speakers  :   Handling speaker: /events-opexweek/speakers/evan-metter
2024-02-05 03:16:42,938 :   INFO   :  scrape_speakers  :   Handling speaker: /events-opexweek/speakers/hector-munoz
2024-02-05 03:16:42,957 :   INFO   :  scrape_speakers  :   Handling speaker: /events-opexweek/speakers/april-mills
2024-02-05 03:16:42,976 :   INFO   :  scrape_speakers  :   Handling speaker: /events-opexweek/speakers/ruben-del-toro
2024-02-05 03:16:42,996 :   INFO   :  scrape_speakers  :   Handling speaker: /events-opexweek/speakers/jack-kahler
2024-02-05 03:16:43,015 :   INFO   :  scrape_speakers  :   Handling speaker: /events-opexweek/speakers/joe-graziani
2024-02-05 03:16:43,033 :   INFO   :  scrape_speakers  :   Handling speaker: /events-opexweek/speakers/dave-otoole
2024-02-05 03:16:43,052 :   INFO   :  scrape_speakers  :   Handling speaker: /events-opexweek/speakers/cristian-matei
2024-02-05 03:16:43,070 :   INFO   :  scrape_speakers  :   Handling speaker: /events-opexweek/speakers/samantha-bureau-johnson-2
2024-02-05 03:16:43,089 :   INFO   :  scrape_speakers  :   Handling speaker: /events-opexweek/speakers/joe-crady
2024-02-05 03:16:43,108 :   INFO   :  scrape_speakers  :   Handling speaker: /events-opexweek/speakers/supradeep-chikaballapur-manjunath
2024-02-05 03:16:43,127 :   INFO   :  scrape_speakers  :   Handling speaker: /events-opexweek/speakers/maureen-terralheiro
2024-02-05 03:16:43,146 :   INFO   :  scrape_speakers  :   Handling speaker: /events-opexweek/speakers/neil-chapman
2024-02-05 03:16:43,165 :   INFO   :  scrape_speakers  :   Handling speaker: /events-opexweek/speakers/doug-drolett
2024-02-05 03:16:43,184 :   INFO   :  scrape_speakers  :   Handling speaker: /events-opexweek/speakers/carolyn-lum
2024-02-05 03:16:43,203 :   INFO   :  scrape_speakers  :   Handling speaker: /events-opexweek/speakers/adil-khan
2024-02-05 03:16:43,221 :   INFO   :  scrape_speakers  :   Handling speaker: /events-opexweek/speakers/praveen-kombial
2024-02-05 03:16:43,239 :   INFO   :  scrape_speakers  :   Handling speaker: /events-opexweek/speakers/linda-elkins
2024-02-05 03:16:43,258 :   INFO   :  scrape_speakers  :   Handling speaker: /events-opexweek/speakers/jasmine-ahmed-3
2024-02-05 03:16:43,276 :   INFO   :  scrape_speakers  :   Handling speaker: /events-opexweek/speakers/nick-bontkowski
2024-02-05 03:16:43,295 :   INFO   :  scrape_speakers  :   Handling speaker: /events-opexweek/speakers/laxmikant-pukale
2024-02-05 03:16:43,314 :   INFO   :  scrape_speakers  :   Handling speaker: /events-opexweek/speakers/elena-dobre
2024-02-05 03:16:43,332 :   INFO   :  scrape_speakers  :   Handling speaker: /events-opexweek/speakers/roshini-gutierrez
2024-02-05 03:16:43,351 :   INFO   :  scrape_speakers  :   Handling speaker: /events-opexweek/speakers/sameer-anand-1
2024-02-05 03:16:43,369 :   INFO   :  scrape_speakers  :   Handling speaker: /events-opexweek/speakers/mike-mills
2024-02-05 03:16:43,388 :   INFO   :  scrape_speakers  :   Handling speaker: /events-opexweek/speakers/chet-harter
2024-02-05 03:16:43,413 :   INFO   :  scrape_speakers  :   Handling speaker: /events-opexweek/speakers/bhavin-manjee
2024-02-05 03:16:43,434 :   INFO   :  scrape_speakers  :   Handling speaker: /events-opexweek/speakers/reto-sahli
2024-02-05 03:16:43,453 :   INFO   :  scrape_speakers  :   Handling speaker: /events-opexweek/speakers/jeff-goodhue
2024-02-05 03:16:43,472 :   INFO   :  scrape_speakers  :   Handling speaker: /events-opexweek/speakers/casimir-turbak
2024-02-05 03:16:43,491 :   INFO   :  scrape_speakers  :   Handling speaker: /events-opexweek/speakers/brenton-harder
2024-02-05 03:16:43,512 :   INFO   :  scrape_speakers  :   Handling speaker: /events-opexweek/speakers/joseph-lacount
2024-02-05 03:16:43,531 :   INFO   :  scrape_speakers  :   Handling speaker: /events-opexweek/speakers/jeff-machols-2
2024-02-05 03:16:43,552 :   INFO   :  scrape_speakers  :   Handling speaker: /events-opexweek/speakers/lenna-perlman
2024-02-05 03:16:43,572 :   INFO   :  scrape_speakers  :   Handling speaker: /events-opexweek/speakers/rosemarie-estrada
2024-02-05 03:16:43,592 :   INFO   :  scrape_speakers  :   Handling speaker: /events-opexweek/speakers/sasan-sadr
2024-02-05 03:16:43,613 :   INFO   :  scrape_speakers  :   Handling speaker: /events-opexweek/speakers/roeland-vertriest
2024-02-05 03:16:43,632 :   INFO   :  scrape_speakers  :   Handling speaker: /events-opexweek/speakers/tracey-ward
2024-02-05 03:16:43,651 :   INFO   :  scrape_speakers  :   Handling speaker: /events-opexweek/speakers/ruben-del-toro-1
2024-02-05 03:16:43,670 :   INFO   :  scrape_speakers  :   Handling speaker: /events-opexweek/speakers/brou-gautier
2024-02-05 03:16:43,690 :   INFO   :  scrape_speakers  :   Handling speaker: /events-opexweek/speakers/david-hadd
2024-02-05 03:16:43,709 :   INFO   :  scrape_speakers  :   Handling speaker: /events-opexweek/speakers/justin-singh
2024-02-05 03:16:43,729 :   INFO   :  scrape_speakers  :   Handling speaker: /events-opexweek/speakers/ryan-mayer-2
2024-02-05 03:16:43,748 :   INFO   :  scrape_speakers  :   Handling speaker: /events-opexweek/speakers/carolyn-lum-2
2024-02-05 03:16:43,766 :   INFO   :  scrape_speakers  :   Handling speaker: /events-opexweek/speakers/lokesh-venugopal
2024-02-05 03:16:43,785 :   INFO   :  scrape_speakers  :   Handling speaker: /events-opexweek/speakers/andreina-martinez
2024-02-05 03:16:43,805 :   INFO   :  scrape_speakers  :   Handling speaker: /events-opexweek/speakers/danielle-lamancuso
2024-02-05 03:16:43,825 :   INFO   :  scrape_speakers  :   Handling speaker: /events-opexweek/speakers/chris-dando
2024-02-05 03:16:43,845 :   INFO   :  scrape_speakers  :   Handling speaker: /events-opexweek/speakers/bruce-orcutt
2024-02-05 03:16:43,864 :   INFO   :  scrape_speakers  :   Handling speaker: /events-opexweek/speakers/jacques-mcgregor
2024-02-05 03:16:43,883 :   INFO   :  scrape_speakers  :   Handling speaker: /events-opexweek/speakers/sherah-spark
2024-02-05 03:16:43,902 :   INFO   :  scrape_speakers  :   Handling speaker: /events-opexweek/speakers/bo-jessop
2024-02-05 03:16:43,920 :   INFO   :  scrape_speakers  :   Handling speaker: /events-opexweek/speakers/kelli-pierce
2024-02-05 03:16:43,939 :   INFO   :  scrape_speakers  :   Handling speaker: /events-opexweek/speakers/samantha-bureau-johnson
2024-02-05 03:16:43,958 :   INFO   :  scrape_speakers  :   Handling speaker: /events-opexweek/speakers/wai-ming-yu
2024-02-05 03:16:43,977 :   INFO   :  scrape_speakers  :   Handling speaker: /events-opexweek/speakers/kristin-saunders
2024-02-05 03:16:43,995 :   INFO   :  scrape_speakers  :   Handling speaker: /events-opexweek/speakers/jose-varela
2024-02-05 03:16:49,870 :   INFO   :  scrape_speakers  :   Saving data as a csv
2024-02-05 03:16:49,878 :   INFO   :  scrape_speakers  :   Finished Executor in 11.09
